<?xml version="1.0" encoding="UTF-8"?>
<testng-results ignored="0" total="1" passed="1" failed="0" skipped="0">
  <reporter-output>
  </reporter-output>
  <suite started-at="2021-05-04T11:51:01 EDT" name="Default suite" finished-at="2021-05-04T11:51:12 EDT" duration-ms="11072">
    <groups>
    </groups>
    <test started-at="2021-05-04T11:51:01 EDT" name="Default test" finished-at="2021-05-04T11:51:12 EDT" duration-ms="11072">
      <class name="org.web.automation.testcase.TC_001_WindowHandles">
        <test-method is-config="true" signature="startBrowser()[pri:0, instance:org.web.automation.testcase.TC_001_WindowHandles@7690781]" started-at="2021-05-04T11:51:01 EDT" name="startBrowser" finished-at="2021-05-04T11:51:12 EDT" duration-ms="11021" status="PASS">
          <reporter-output>
          </reporter-output>
        </test-method> <!-- startBrowser -->
        <test-method signature="tc_001_Window_Handles()[pri:0, instance:org.web.automation.testcase.TC_001_WindowHandles@7690781]" started-at="2021-05-04T11:51:12 EDT" name="tc_001_Window_Handles" finished-at="2021-05-04T11:51:12 EDT" duration-ms="11" status="PASS">
          <reporter-output>
          </reporter-output>
        </test-method> <!-- tc_001_Window_Handles -->
      </class> <!-- org.web.automation.testcase.TC_001_WindowHandles -->
    </test> <!-- Default test -->
  </suite> <!-- Default suite -->
</testng-results>
